\BOOKMARK [1][-]{section.1}{Introduction}{}% 1
\BOOKMARK [2][-]{subsection.1.1}{Objectives}{section.1}% 2
\BOOKMARK [2][-]{subsection.1.2}{Definitions, Acronyms, and Abbreviations }{section.1}% 3
\BOOKMARK [2][-]{subsection.1.3}{Scope}{section.1}% 4
\BOOKMARK [2][-]{subsection.1.4}{Applicable Documents}{section.1}% 5
\BOOKMARK [2][-]{subsection.1.5}{References}{section.1}% 6
\BOOKMARK [1][-]{section.2}{Approach}{}% 7
\BOOKMARK [2][-]{subsection.2.1}{Tasks and criteria}{section.2}% 8
\BOOKMARK [2][-]{subsection.2.2}{Features to be tested}{section.2}% 9
\BOOKMARK [2][-]{subsection.2.3}{Features not to be tested}{section.2}% 10
\BOOKMARK [2][-]{subsection.2.4}{Pass/fail criteria}{section.2}% 11
\BOOKMARK [2][-]{subsection.2.5}{Suspension criteria and resumption requirements}{section.2}% 12
\BOOKMARK [1][-]{section.3}{Test Specification Design}{}% 13
\BOOKMARK [2][-]{subsection.3.1}{RAS-00: Raw Image Archive Service}{section.3}% 14
\BOOKMARK [3][-]{subsubsection.3.1.1}{Objective}{subsection.3.1}% 15
\BOOKMARK [3][-]{subsubsection.3.1.2}{Test case identification}{subsection.3.1}% 16
\BOOKMARK [1][-]{section.4}{Test Case Specification}{}% 17
\BOOKMARK [2][-]{subsection.4.1}{RAS-00-00: Writing well-formed raw image}{section.4}% 18
\BOOKMARK [3][-]{subsubsection.4.1.1}{Requirements}{subsection.4.1}% 19
\BOOKMARK [3][-]{subsubsection.4.1.2}{Test items}{subsection.4.1}% 20
\BOOKMARK [3][-]{subsubsection.4.1.3}{Intercase dependencies}{subsection.4.1}% 21
\BOOKMARK [3][-]{subsubsection.4.1.4}{Environmental needs}{subsection.4.1}% 22
\BOOKMARK [3][-]{subsubsection.4.1.5}{Input specification}{subsection.4.1}% 23
\BOOKMARK [3][-]{subsubsection.4.1.6}{Output specification}{subsection.4.1}% 24
\BOOKMARK [3][-]{subsubsection.4.1.7}{Procedure}{subsection.4.1}% 25
\BOOKMARK [2][-]{subsection.4.2}{RAS-00-10: Raw images in Observatory Operations Data Service}{section.4}% 26
\BOOKMARK [3][-]{subsubsection.4.2.1}{Requirements}{subsection.4.2}% 27
\BOOKMARK [3][-]{subsubsection.4.2.2}{Test items}{subsection.4.2}% 28
\BOOKMARK [3][-]{subsubsection.4.2.3}{Intercase dependencies}{subsection.4.2}% 29
\BOOKMARK [3][-]{subsubsection.4.2.4}{Environmental needs}{subsection.4.2}% 30
\BOOKMARK [3][-]{subsubsection.4.2.5}{Input specification}{subsection.4.2}% 31
\BOOKMARK [3][-]{subsubsection.4.2.6}{Output specification}{subsection.4.2}% 32
\BOOKMARK [3][-]{subsubsection.4.2.7}{Procedure}{subsection.4.2}% 33
\BOOKMARK [2][-]{subsection.4.3}{RAS-00-20: Raw images are part of permanent record of survey via DBB}{section.4}% 34
\BOOKMARK [3][-]{subsubsection.4.3.1}{Requirements}{subsection.4.3}% 35
\BOOKMARK [3][-]{subsubsection.4.3.2}{Test items}{subsection.4.3}% 36
\BOOKMARK [3][-]{subsubsection.4.3.3}{Intercase dependencies}{subsection.4.3}% 37
\BOOKMARK [3][-]{subsubsection.4.3.4}{Environmental needs}{subsection.4.3}% 38
\BOOKMARK [3][-]{subsubsection.4.3.5}{Input specification}{subsection.4.3}% 39
\BOOKMARK [3][-]{subsubsection.4.3.6}{Output specification}{subsection.4.3}% 40
\BOOKMARK [3][-]{subsubsection.4.3.7}{Procedure}{subsection.4.3}% 41
